[2025-02-26 20:39:23,061]  WARN {cps.config_sql:364} Log path /config/calibre-web.log not valid, falling back to default
[2025-02-26 20:39:23,079]  WARN {cps.config_sql:364} Log path  not valid, falling back to default
[2025-02-26 20:39:23,084]  WARN {cps.config_sql:400} invalidating configuration
[2025-02-26 20:39:23,085]  WARN {cps.config_sql:364} Log path  not valid, falling back to default
[2025-02-26 20:39:24,291]  WARN {cps.config_sql:364} Log path  not valid, falling back to default
[2025-02-26 20:39:24,292]  WARN {cps.config_sql:400} invalidating configuration
[2025-02-26 20:39:24,292]  WARN {cps.config_sql:364} Log path  not valid, falling back to default
[2025-02-26 20:39:24,333]  INFO {cps:178} Starting Calibre Web...
[2025-02-26 20:39:24,741]  WARN {py.warnings:110} /lsiopy/lib/python3.12/site-packages/flask_limiter/extension.py:333: UserWarning: Using the in-memory storage for tracking rate limits as no storage was explicitly specified. This is not recommended for production use. See: https://flask-limiter.readthedocs.io#configuring-a-storage-backend for documentation about configuring the storage backend.
  warnings.warn(

[2025-02-26 20:39:24,970]  INFO {apscheduler.scheduler:181} Scheduler started
[2025-02-26 20:39:24,970]  INFO {apscheduler.scheduler:895} Added job "delete temp" to job store "default"
[2025-02-26 20:39:24,971]  INFO {apscheduler.scheduler:895} Added job "end scheduled task" to job store "default"
[2025-02-26 20:39:24,971]  INFO {apscheduler.scheduler:895} Added job "immediately delete temp" to job store "default"
[2025-02-26 20:39:24,971]  INFO {apscheduler.executors.default:123} Running job "immediately delete temp (trigger: date[2025-02-26 20:39:24 UTC], next run at: 2025-02-26 20:39:24 UTC)" (scheduled at 2025-02-26 20:39:24.971353+00:00)
[2025-02-26 20:39:24,972]  INFO {apscheduler.scheduler:641} Removed job 781d3946bebc47eebaa62ff1264fa99e
[2025-02-26 20:39:24,993]  INFO {apscheduler.executors.default:144} Job "immediately delete temp (trigger: date[2025-02-26 20:39:24 UTC], next run at: 2025-02-26 20:39:24 UTC)" executed successfully
[2025-02-26 20:39:25,134]  INFO {cps.ub:764} github Blueprint Created
[2025-02-26 20:39:25,138]  INFO {cps.ub:764} google Blueprint Created
[2025-02-26 20:39:26,582]  INFO {cps.server:218} Starting Gevent server on [::]:8083
[2025-02-26 20:40:18,714] ERROR {cps.admin:1917} DB Location is not Valid, Please Enter Correct Path
[2025-02-26 20:40:18,714]  WARN {cps.config_sql:364} Log path  not valid, falling back to default
[2025-02-26 20:41:24,417]  INFO {cps.server:319} webserver stop (restart=False)
[2025-02-26 20:41:24,418]  INFO {apscheduler.scheduler:212} Scheduler has been shut down
[2025-02-26 20:41:25,419]  INFO {cps.server:298} Performing shutdown of Calibre-Web
